<?xml version="1.0" encoding="UTF-8"?>
<!-- Generated by org.testng.reporters.JUnitReportReporter -->
<testsuite hostname="Tvl-2" name="Tests._23_DeletePersonFromGraph" tests="1" failures="0" timestamp="3 Apr 2014 07:55:59 GMT" time="19.387" errors="0">
  <testcase name="_23_T_DeletePersonFromGraph" time="19.387" classname="Tests._23_DeletePersonFromGraph"/>
</testsuite> <!-- Tests._23_DeletePersonFromGraph -->
