<?xml version="1.0" encoding="UTF-8"?>
<!-- Generated by org.testng.reporters.JUnitReportReporter -->
<testsuite hostname="Tvl-2" name="Tests_pro.ProTest" tests="1" failures="0" timestamp="19 Mar 2014 14:24:45 GMT" time="54.050" errors="0">
  <testcase name="_00_T_Pro" time="54.050" classname="Tests_pro.ProTest"/>
</testsuite> <!-- Tests_pro.ProTest -->
