<?xml version="1.0" encoding="UTF-8"?>
<!-- Generated by org.testng.reporters.JUnitReportReporter -->
<testsuite hostname="Tvl-2" name="Tests._17_WarningPopUpTestPage" tests="1" failures="0" timestamp="27 Mar 2014 11:20:28 GMT" time="7.644" errors="0">
  <testcase name="_17_T_WarningPopUpTestPage" time="7.644" classname="Tests._17_WarningPopUpTestPage"/>
</testsuite> <!-- Tests._17_WarningPopUpTestPage -->
