<?xml version="1.0" encoding="UTF-8"?>
<!-- Generated by org.testng.reporters.JUnitReportReporter -->
<testsuite hostname="Tvl-2" name="Tests._06_NameRequired" tests="1" failures="0" timestamp="27 Mar 2014 11:25:02 GMT" time="3.689" errors="0">
  <testcase name="_06_T_NameRequired" time="3.689" classname="Tests._06_NameRequired"/>
</testsuite> <!-- Tests._06_NameRequired -->
