<?xml version="1.0" encoding="UTF-8"?>
<!-- Generated by org.testng.reporters.JUnitReportReporter -->
<testsuite hostname="Tvl-2" name="Tests._13_LockEdit" tests="1" failures="0" timestamp="6 Mar 2014 15:39:02 GMT" time="9.494" errors="0">
  <testcase name="_13_T_LockEdit" time="9.494" classname="Tests._13_LockEdit"/>
</testsuite> <!-- Tests._13_LockEdit -->
