<?xml version="1.0" encoding="UTF-8"?>
<!-- Generated by org.testng.reporters.JUnitReportReporter -->
<testsuite hostname="Tvl-2" name="Tests._15_QqDiscByMyself" tests="1" failures="0" timestamp="27 Mar 2014 11:20:28 GMT" time="2.707" errors="0">
  <testcase name="_15_T_QqDiscByMyself" time="2.707" classname="Tests._15_QqDiscByMyself"/>
</testsuite> <!-- Tests._15_QqDiscByMyself -->
