<?xml version="1.0" encoding="UTF-8"?>
<!-- Generated by org.testng.reporters.JUnitReportReporter -->
<testsuite hostname="Tvl-2" name="Tests._06_NameRequired" tests="1" failures="0" timestamp="3 Apr 2014 07:55:59 GMT" time="3.269" errors="0">
  <testcase name="_06_T_NameRequired" time="3.269" classname="Tests._06_NameRequired"/>
</testsuite> <!-- Tests._06_NameRequired -->
