<?xml version="1.0" encoding="UTF-8"?>
<!-- Generated by org.testng.reporters.JUnitReportReporter -->
<testsuite hostname="Tvl-2" name="Tests_pro._02_LogIn" tests="1" failures="0" timestamp="3 Mar 2014 11:01:50 GMT" time="14.153" errors="0">
  <testcase name="_02_T_LogIn" time="14.153" classname="Tests_pro._02_LogIn"/>
</testsuite> <!-- Tests_pro._02_LogIn -->
