<?xml version="1.0" encoding="UTF-8"?>
<!-- Generated by org.testng.reporters.JUnitReportReporter -->
<testsuite hostname="Tvl-2" name="Tests._09_DetectLink" tests="1" failures="0" timestamp="4 Mar 2014 09:19:39 GMT" time="37.538" errors="0">
  <testcase name="_09_T_RoleInput" time="37.538" classname="Tests._09_DetectLink"/>
</testsuite> <!-- Tests._09_DetectLink -->
