<?xml version="1.0" encoding="UTF-8"?>
<!-- Generated by org.testng.reporters.JUnitReportReporter -->
<testsuite hostname="Tvl-2" name="Tests._08_RoleInput" tests="1" failures="0" timestamp="4 Mar 2014 08:21:22 GMT" time="17.289" errors="0">
  <testcase name="_07_RoleInput" time="17.289" classname="Tests._08_RoleInput"/>
</testsuite> <!-- Tests._08_RoleInput -->
