<?xml version="1.0" encoding="UTF-8"?>
<!-- Generated by org.testng.reporters.JUnitReportReporter -->
<testsuite hostname="Tvl-2" name="Tests._16_FwBwArrows" tests="1" failures="0" timestamp="6 Mar 2014 15:39:02 GMT" time="2.245" errors="0">
  <testcase name="_15_T_QqDiscByMyself" time="2.245" classname="Tests._16_FwBwArrows"/>
</testsuite> <!-- Tests._16_FwBwArrows -->
