<?xml version="1.0" encoding="UTF-8"?>
<!-- Generated by org.testng.reporters.JUnitReportReporter -->
<testsuite hostname="Tvl-2" name="Tests_pro.ProTest" tests="1" failures="0" timestamp="8 Apr 2014 07:44:44 GMT" time="39.502" errors="0">
  <testcase name="_00_T_Pro" time="39.502" classname="Tests_pro.ProTest"/>
</testsuite> <!-- Tests_pro.ProTest -->
