<?xml version="1.0" encoding="UTF-8"?>
<!-- Generated by org.testng.reporters.JUnitReportReporter -->
<testsuite hostname="Tvl-2" name="Tests._14_QqForMyself" tests="1" failures="0" timestamp="3 Apr 2014 07:55:59 GMT" time="2.425" errors="0">
  <testcase name="_14_T_QqForMyself" time="2.425" classname="Tests._14_QqForMyself"/>
</testsuite> <!-- Tests._14_QqForMyself -->
