<?xml version="1.0" encoding="UTF-8"?>
<!-- Generated by org.testng.reporters.JUnitReportReporter -->
<testsuite hostname="Tvl-2" name="Tests._07_IllegalMail" tests="1" failures="0" timestamp="18 Mar 2014 13:05:27 GMT" time="2.709" errors="0">
  <testcase name="_07_T_IllegalMail" time="2.709" classname="Tests._07_IllegalMail"/>
</testsuite> <!-- Tests._07_IllegalMail -->
