<?xml version="1.0" encoding="UTF-8"?>
<!-- Generated by org.testng.reporters.JUnitReportReporter -->
<testsuite hostname="Tvl-2" name="Tests._09_DetectLink" tests="1" failures="0" timestamp="3 Apr 2014 15:02:23 GMT" time="1.391" errors="0">
  <testcase name="_09_T_DetectLink" time="1.391" classname="Tests._09_DetectLink"/>
</testsuite> <!-- Tests._09_DetectLink -->
