<?xml version="1.0" encoding="UTF-8"?>
<!-- Generated by org.testng.reporters.JUnitReportReporter -->
<testsuite hostname="Tvl-2" name="Tests._06_NameRequired" tests="1" failures="0" timestamp="26 Mar 2014 15:09:01 GMT" time="3.786" errors="0">
  <testcase name="_06_T_NameRequired" time="3.786" classname="Tests._06_NameRequired"/>
</testsuite> <!-- Tests._06_NameRequired -->
