<?xml version="1.0" encoding="UTF-8"?>
<!-- Generated by org.testng.reporters.JUnitReportReporter -->
<testsuite hostname="Tvl-2" name="Tests_pro._05_SociotypeVerify" tests="1" failures="0" timestamp="28 Mar 2014 12:09:34 GMT" time="90.291" errors="0">
  <testcase name="_05_T_SociotypeVerify" time="90.291" classname="Tests_pro._05_SociotypeVerify"/>
</testsuite> <!-- Tests_pro._05_SociotypeVerify -->
