<?xml version="1.0" encoding="UTF-8"?>
<!-- Generated by org.testng.reporters.JUnitReportReporter -->
<testsuite hostname="Tvl-2" name="Tests._01_Input" tests="1" failures="0" timestamp="1 Mar 2014 16:27:53 GMT" time="22.775" errors="0">
  <testcase name="_01_T_Input" time="22.775" classname="Tests._01_Input"/>
</testsuite> <!-- Tests._01_Input -->
