<?xml version="1.0" encoding="UTF-8"?>
<!-- Generated by org.testng.reporters.JUnitReportReporter -->
<testsuite hostname="Tvl-2" name="Tests._02_InputFieldText" tests="1" failures="0" timestamp="31 Mar 2014 13:53:39 GMT" time="1.572" errors="0">
  <testcase name="_02_T_nputFieldText" time="1.572" classname="Tests._02_InputFieldText"/>
</testsuite> <!-- Tests._02_InputFieldText -->
