<?xml version="1.0" encoding="UTF-8"?>
<!-- Generated by org.testng.reporters.JUnitReportReporter -->
<testsuite hostname="Tvl-2" name="Tests._18_SocTypeAssert" tests="1" failures="0" timestamp="3 Apr 2014 07:55:59 GMT" time="5.138" errors="0">
  <testcase name="_18_T_SocTypeAssert" time="5.138" classname="Tests._18_SocTypeAssert"/>
</testsuite> <!-- Tests._18_SocTypeAssert -->
