<?xml version="1.0" encoding="UTF-8"?>
<!-- Generated by org.testng.reporters.JUnitReportReporter -->
<testsuite hostname="Tvl-2" name="Tests._24_AllDeletePersonFromGraph" tests="1" failures="0" timestamp="3 Apr 2014 07:59:03 GMT" time="54.137" errors="0">
  <testcase name="_24_T_AllDeletePersonFromGraph" time="54.137" classname="Tests._24_AllDeletePersonFromGraph"/>
</testsuite> <!-- Tests._24_AllDeletePersonFromGraph -->
