<?xml version="1.0" encoding="UTF-8"?>
<!-- Generated by org.testng.reporters.JUnitReportReporter -->
<testsuite hostname="Tvl-2" name="Tests._27_LineSwitch" tests="1" failures="0" timestamp="3 Apr 2014 07:55:59 GMT" time="56.256" errors="0">
  <testcase name="_27_T_LineSwitch" time="56.256" classname="Tests._27_LineSwitch"/>
</testsuite> <!-- Tests._27_LineSwitch -->
