<?xml version="1.0" encoding="UTF-8"?>
<!-- Generated by org.testng.reporters.JUnitReportReporter -->
<testsuite hostname="Tvl-2" name="Tests._20_SelectVertex" tests="1" failures="0" timestamp="3 Apr 2014 08:04:39 GMT" time="15.595" errors="0">
  <testcase name="_20_T_SelectVertex" time="15.595" classname="Tests._20_SelectVertex"/>
</testsuite> <!-- Tests._20_SelectVertex -->
