<?xml version="1.0" encoding="UTF-8"?>
<!-- Generated by org.testng.reporters.JUnitReportReporter -->
<testsuite hostname="Tvl-2" name="Tests._19_CommonElementsGraph" tests="1" failures="0" timestamp="3 Apr 2014 15:02:23 GMT" time="18.470" errors="0">
  <testcase name="_09_T_CommonElementsGraph" time="18.470" classname="Tests._19_CommonElementsGraph"/>
</testsuite> <!-- Tests._19_CommonElementsGraph -->
