<?xml version="1.0" encoding="UTF-8"?>
<!-- Generated by org.testng.reporters.JUnitReportReporter -->
<testsuite hostname="Tvl-2" name="Tests._18_SocTypeAssert" tests="1" failures="0" timestamp="27 Mar 2014 11:20:28 GMT" time="6.767" errors="0">
  <testcase name="_18_T_SocTypeAssert" time="6.767" classname="Tests._18_SocTypeAssert"/>
</testsuite> <!-- Tests._18_SocTypeAssert -->
