<?xml version="1.0" encoding="UTF-8"?>
<!-- Generated by org.testng.reporters.JUnitReportReporter -->
<testsuite hostname="Tvl-2" name="Tests._11_DeleteEl" tests="1" failures="0" timestamp="27 Mar 2014 11:20:28 GMT" time="18.556" errors="0">
  <testcase name="_11_T_DeleteEl" time="18.556" classname="Tests._11_DeleteEl"/>
</testsuite> <!-- Tests._11_DeleteEl -->
