<?xml version="1.0" encoding="UTF-8"?>
<!-- Generated by org.testng.reporters.JUnitReportReporter -->
<testsuite hostname="Tvl-2" name="Tests._15_QqDiscByMyself" tests="1" failures="0" timestamp="18 Mar 2014 13:05:27 GMT" time="2.772" errors="0">
  <testcase name="_15_T_QqDiscByMyself" time="2.772" classname="Tests._15_QqDiscByMyself"/>
</testsuite> <!-- Tests._15_QqDiscByMyself -->
