<?xml version="1.0" encoding="UTF-8"?>
<!-- Generated by org.testng.reporters.JUnitReportReporter -->
<testsuite hostname="Tvl-2" name="Tests._19_CommonElementsGraph" tests="1" failures="0" timestamp="27 Mar 2014 11:20:28 GMT" time="14.176" errors="0">
  <testcase name="_09_T_CommonElementsGraph" time="14.176" classname="Tests._19_CommonElementsGraph"/>
</testsuite> <!-- Tests._19_CommonElementsGraph -->
