<?xml version="1.0" encoding="UTF-8"?>
<!-- Generated by org.testng.reporters.JUnitReportReporter -->
<testsuite hostname="Tvl-2" name="Tests._10_ChemistryScoreButtonPopUp" tests="1" failures="0" timestamp="4 Mar 2014 15:06:30 GMT" time="25.661" errors="0">
  <testcase name="_10_T_ChemistryScoreButtonPopUp" time="25.661" classname="Tests._10_ChemistryScoreButtonPopUp"/>
</testsuite> <!-- Tests._10_ChemistryScoreButtonPopUp -->
