<?xml version="1.0" encoding="UTF-8"?>
<!-- Generated by org.testng.reporters.JUnitReportReporter -->
<testsuite hostname="Tvl-2" name="Tests._02_InputFieldText" tests="2" failures="0" timestamp="7 Mar 2014 08:46:24 GMT" time="2.515" errors="0">
  <testcase name="_02_T_nputFieldText" time="1.406" classname="Tests._02_InputFieldText"/>
  <testcase name="_03_T_PopUpOnLogin" time="1.109" classname="Tests._02_InputFieldText"/>
</testsuite> <!-- Tests._02_InputFieldText -->
