<?xml version="1.0" encoding="UTF-8"?>
<!-- Generated by org.testng.reporters.JUnitReportReporter -->
<testsuite hostname="Tvl-2" name="Tests._11_DeleteEl" tests="1" failures="0" timestamp="3 Apr 2014 07:55:59 GMT" time="18.472" errors="0">
  <testcase name="_11_T_DeleteEl" time="18.472" classname="Tests._11_DeleteEl"/>
</testsuite> <!-- Tests._11_DeleteEl -->
