<?xml version="1.0" encoding="UTF-8"?>
<!-- Generated by org.testng.reporters.JUnitReportReporter -->
<testsuite hostname="Tvl-2" name="Tests._17_WarningPopUpTestPage" tests="1" failures="0" timestamp="3 Apr 2014 07:55:59 GMT" time="5.764" errors="0">
  <testcase name="_17_T_WarningPopUpTestPage" time="5.764" classname="Tests._17_WarningPopUpTestPage"/>
</testsuite> <!-- Tests._17_WarningPopUpTestPage -->
