<?xml version="1.0" encoding="UTF-8"?>
<!-- Generated by org.testng.reporters.JUnitReportReporter -->
<testsuite hostname="Tvl-2" name="Tests._23_DeletePersonFromGraph" tests="1" failures="0" timestamp="3 Apr 2014 15:02:23 GMT" time="25.692" errors="0">
  <testcase name="_23_T_DeletePersonFromGraph" time="25.692" classname="Tests._23_DeletePersonFromGraph"/>
</testsuite> <!-- Tests._23_DeletePersonFromGraph -->
