<?xml version="1.0" encoding="UTF-8"?>
<!-- Generated by org.testng.reporters.JUnitReportReporter -->
<testsuite hostname="Tvl-2" name="Tests._24_AllDeletePersonFromGraph" tests="1" failures="0" timestamp="26 Mar 2014 15:09:01 GMT" time="117.155" errors="0">
  <testcase name="_24_T_AllDeletePersonFromGraph" time="117.155" classname="Tests._24_AllDeletePersonFromGraph"/>
</testsuite> <!-- Tests._24_AllDeletePersonFromGraph -->
