<?xml version="1.0" encoding="UTF-8"?>
<!-- Generated by org.testng.reporters.JUnitReportReporter -->
<testsuite hostname="Tvl-2" name="Tests._20_SelectVertex" tests="1" failures="0" timestamp="27 Mar 2014 11:20:28 GMT" time="16.154" errors="0">
  <testcase name="_20_T_SelectVertex" time="16.154" classname="Tests._20_SelectVertex"/>
</testsuite> <!-- Tests._20_SelectVertex -->
