<?xml version="1.0" encoding="UTF-8"?>
<!-- Generated by org.testng.reporters.JUnitReportReporter -->
<testsuite hostname="Tvl-2" name="Tests._01_Input" tests="1" failures="0" timestamp="26 Feb 2014 08:39:58 GMT" time="21.149" errors="0">
  <testcase name="_01_T_Input" time="21.149" classname="Tests._01_Input"/>
</testsuite> <!-- Tests._01_Input -->
