<?xml version="1.0" encoding="UTF-8"?>
<!-- Generated by org.testng.reporters.JUnitReportReporter -->
<testsuite hostname="Tvl-2" name="Tests._14_QqForMyself" tests="1" failures="0" timestamp="27 Mar 2014 11:20:28 GMT" time="1.629" errors="0">
  <testcase name="_14_T_QqForMyself" time="1.629" classname="Tests._14_QqForMyself"/>
</testsuite> <!-- Tests._14_QqForMyself -->
