<?xml version="1.0" encoding="UTF-8"?>
<!-- Generated by org.testng.reporters.JUnitReportReporter -->
<testsuite hostname="Tvl-2" name="Tests._02_InputFieldText" tests="2" failures="0" timestamp="6 Mar 2014 15:39:02 GMT" time="2.523" errors="0">
  <testcase name="_03_T_PopUpOnLogin" time="1.081" classname="Tests._02_InputFieldText"/>
  <testcase name="_02_T_nputFieldText" time="1.442" classname="Tests._02_InputFieldText"/>
</testsuite> <!-- Tests._02_InputFieldText -->
