<?xml version="1.0" encoding="UTF-8"?>
<!-- Generated by org.testng.reporters.JUnitReportReporter -->
<testsuite hostname="Tvl-2" name="Tests._04_PopUpOnDetectMy" tests="1" failures="0" timestamp="3 Apr 2014 07:55:59 GMT" time="2.251" errors="0">
  <testcase name="_04_T_PopUpOnDetectMy" time="2.251" classname="Tests._04_PopUpOnDetectMy"/>
</testsuite> <!-- Tests._04_PopUpOnDetectMy -->
