<?xml version="1.0" encoding="UTF-8"?>
<!-- Generated by org.testng.reporters.JUnitReportReporter -->
<testsuite hostname="Tvl-2" name="Tests._27_LineSwitch" tests="1" failures="0" timestamp="31 Mar 2014 12:52:38 GMT" time="73.442" errors="0">
  <testcase name="_27_T_LineSwitch" time="73.442" classname="Tests._27_LineSwitch"/>
</testsuite> <!-- Tests._27_LineSwitch -->
