<?xml version="1.0" encoding="UTF-8"?>
<!-- Generated by org.testng.reporters.JUnitReportReporter -->
<testsuite hostname="Tvl-2" name="Tests._16_FwBwArrows" tests="1" failures="0" timestamp="26 Mar 2014 15:11:46 GMT" time="2.560" errors="0">
  <testcase name="_16_T_FwBwArrows" time="2.560" classname="Tests._16_FwBwArrows"/>
</testsuite> <!-- Tests._16_FwBwArrows -->
