<?xml version="1.0" encoding="UTF-8"?>
<!-- Generated by org.testng.reporters.JUnitReportReporter -->
<testsuite hostname="Tvl-2" name="Tests._10_ChemistryScoreButtonPopUp" tests="1" failures="0" timestamp="26 Mar 2014 15:09:01 GMT" time="13.403" errors="0">
  <testcase name="_10_T_ChemistryScoreButtonPopUp" time="13.403" classname="Tests._10_ChemistryScoreButtonPopUp"/>
</testsuite> <!-- Tests._10_ChemistryScoreButtonPopUp -->
