<?xml version="1.0" encoding="UTF-8"?>
<!-- Generated by org.testng.reporters.JUnitReportReporter -->
<testsuite hostname="Tvl-2" name="Tests._26_AddPersonFromGraph" tests="1" failures="0" timestamp="3 Apr 2014 07:55:59 GMT" time="14.250" errors="0">
  <testcase name="_26_T_AddPersonFromGraph" time="14.250" classname="Tests._26_AddPersonFromGraph"/>
</testsuite> <!-- Tests._26_AddPersonFromGraph -->
