<?xml version="1.0" encoding="UTF-8"?>
<!-- Generated by org.testng.reporters.JUnitReportReporter -->
<testsuite hostname="Tvl-2" name="Tests._09_DetectLink" tests="1" failures="0" timestamp="5 Mar 2014 13:35:52 GMT" time="1.316" errors="0">
  <testcase name="_09_T_DetectLink" time="1.316" classname="Tests._09_DetectLink"/>
</testsuite> <!-- Tests._09_DetectLink -->
