<?xml version="1.0" encoding="UTF-8"?>
<!-- Generated by org.testng.reporters.JUnitReportReporter -->
<testsuite hostname="Tvl-2" name="Tests._20_SelectVertex" tests="1" failures="0" timestamp="3 Apr 2014 15:02:23 GMT" time="22.048" errors="0">
  <testcase name="_20_T_SelectVertex" time="22.048" classname="Tests._20_SelectVertex"/>
</testsuite> <!-- Tests._20_SelectVertex -->
