<?xml version="1.0" encoding="UTF-8"?>
<!-- Generated by org.testng.reporters.JUnitReportReporter -->
<testsuite hostname="Tvl-2" name="Tests._24_AllDeletePersonFromGraph" tests="1" failures="0" timestamp="20 Mar 2014 09:47:56 GMT" time="121.721" errors="0">
  <testcase name="_24_T_AllDeletePersonFromGraph" time="121.721" classname="Tests._24_AllDeletePersonFromGraph"/>
</testsuite> <!-- Tests._24_AllDeletePersonFromGraph -->
