<?xml version="1.0" encoding="UTF-8"?>
<!-- Generated by org.testng.reporters.JUnitReportReporter -->
<testsuite hostname="Tvl-2" name="Tests._22_PopUpOnVertex" tests="1" failures="0" timestamp="14 Mar 2014 15:20:43 GMT" time="11.785" errors="0">
  <testcase name="_22_T_PopUpOnVertex" time="11.785" classname="Tests._22_PopUpOnVertex"/>
</testsuite> <!-- Tests._22_PopUpOnVertex -->
