<?xml version="1.0" encoding="UTF-8"?>
<!-- Generated by org.testng.reporters.JUnitReportReporter -->
<testsuite hostname="Tvl-2" name="Tests._06_NameRequired" tests="1" failures="0" timestamp="3 Mar 2014 14:59:04 GMT" time="18.587" errors="0">
  <testcase name="_06_T_NameRequired" time="18.587" classname="Tests._06_NameRequired"/>
</testsuite> <!-- Tests._06_NameRequired -->
