<?xml version="1.0" encoding="UTF-8"?>
<!-- Generated by org.testng.reporters.JUnitReportReporter -->
<testsuite hostname="Tvl-2" name="Tests._12_SaveTeamData" tests="1" failures="0" timestamp="3 Apr 2014 07:55:59 GMT" time="21.639" errors="0">
  <testcase name="_12_T_SaveTeamData" time="21.639" classname="Tests._12_SaveTeamData"/>
</testsuite> <!-- Tests._12_SaveTeamData -->
