<?xml version="1.0" encoding="UTF-8"?>
<!-- Generated by org.testng.reporters.JUnitReportReporter -->
<testsuite hostname="Tvl-2" name="Tests._12_SaveTeamData" tests="1" failures="0" timestamp="6 Mar 2014 15:55:33 GMT" time="27.366" errors="0">
  <testcase name="_12_T_SaveTeamData" time="27.366" classname="Tests._12_SaveTeamData"/>
</testsuite> <!-- Tests._12_SaveTeamData -->
