<?xml version="1.0" encoding="UTF-8"?>
<!-- Generated by org.testng.reporters.JUnitReportReporter -->
<testsuite hostname="Tvl-2" name="Tests._15_QqDiscByMyself" tests="1" failures="0" timestamp="3 Apr 2014 07:55:59 GMT" time="4.292" errors="0">
  <testcase name="_15_T_QqDiscByMyself" time="4.292" classname="Tests._15_QqDiscByMyself"/>
</testsuite> <!-- Tests._15_QqDiscByMyself -->
