<?xml version="1.0" encoding="UTF-8"?>
<!-- Generated by org.testng.reporters.JUnitReportReporter -->
<testsuite hostname="Tvl-2" name="Tests._07_IllegalMail" tests="1" failures="0" timestamp="27 Mar 2014 11:20:28 GMT" time="2.828" errors="0">
  <testcase name="_07_T_IllegalMail" time="2.828" classname="Tests._07_IllegalMail"/>
</testsuite> <!-- Tests._07_IllegalMail -->
