<?xml version="1.0" encoding="UTF-8"?>
<!-- Generated by org.testng.reporters.JUnitReportReporter -->
<testsuite hostname="Tvl-2" name="Tests._12_SaveTeamData" tests="1" failures="0" timestamp="7 Mar 2014 08:57:48 GMT" time="25.408" errors="0">
  <testcase name="_12_T_SaveTeamData" time="25.408" classname="Tests._12_SaveTeamData"/>
</testsuite> <!-- Tests._12_SaveTeamData -->
