<?xml version="1.0" encoding="UTF-8"?>
<!-- Generated by org.testng.reporters.JUnitReportReporter -->
<testsuite hostname="Tvl-2" name="Tests._02_InputFieldText" tests="1" failures="0" timestamp="3 Apr 2014 07:55:59 GMT" time="1.353" errors="0">
  <testcase name="_02_T_nputFieldText" time="1.353" classname="Tests._02_InputFieldText"/>
</testsuite> <!-- Tests._02_InputFieldText -->
