<?xml version="1.0" encoding="UTF-8"?>
<!-- Generated by org.testng.reporters.JUnitReportReporter -->
<testsuite hostname="Tvl-2" name="Tests._13_LockEdit" tests="1" failures="0" timestamp="7 Mar 2014 08:46:24 GMT" time="8.991" errors="0">
  <testcase name="_13_T_LockEdit" time="8.991" classname="Tests._13_LockEdit"/>
</testsuite> <!-- Tests._13_LockEdit -->
