<?xml version="1.0" encoding="UTF-8"?>
<!-- Generated by org.testng.reporters.JUnitReportReporter -->
<testsuite hostname="Tvl-2" name="Tests._04_CommonGraph" tests="1" failures="0" timestamp="1 Mar 2014 17:24:55 GMT" time="31.377" errors="0">
  <testcase name="_04_T_CommonGraph" time="31.377" classname="Tests._04_CommonGraph"/>
</testsuite> <!-- Tests._04_CommonGraph -->
