<?xml version="1.0" encoding="UTF-8"?>
<!-- Generated by org.testng.reporters.JUnitReportReporter -->
<testsuite hostname="Tvl-2" name="Tests._08_RoleInput" tests="1" failures="0" timestamp="27 Mar 2014 11:20:28 GMT" time="1.376" errors="0">
  <testcase name="_08_T_RoleInput" time="1.376" classname="Tests._08_RoleInput"/>
</testsuite> <!-- Tests._08_RoleInput -->
