<?xml version="1.0" encoding="UTF-8"?>
<!-- Generated by org.testng.reporters.JUnitReportReporter -->
<testsuite hostname="Tvl-2" name="Tests._18_SocTypeAssert" tests="1" failures="0" timestamp="7 Mar 2014 12:00:47 GMT" time="6.229" errors="0">
  <testcase name="_17_T_WarningPopUpTestPage" time="6.229" classname="Tests._18_SocTypeAssert"/>
</testsuite> <!-- Tests._18_SocTypeAssert -->
