<?xml version="1.0" encoding="UTF-8"?>
<!-- Generated by org.testng.reporters.JUnitReportReporter -->
<testsuite hostname="Tvl-2" name="Tests._21_ClickOnLine" tests="1" failures="0" timestamp="4 Apr 2014 13:23:52 GMT" time="28.617" errors="0">
  <testcase name="_21_T_ClickOnLine" time="28.617" classname="Tests._21_ClickOnLine"/>
</testsuite> <!-- Tests._21_ClickOnLine -->
