<?xml version="1.0" encoding="UTF-8"?>
<!-- Generated by org.testng.reporters.JUnitReportReporter -->
<testsuite hostname="Tvl-2" name="Tests._20_SelectVertex" tests="1" failures="0" timestamp="14 Mar 2014 10:11:39 GMT" time="19.209" errors="0">
  <testcase name="_09_T_CommonElementsGraph" time="19.209" classname="Tests._20_SelectVertex"/>
</testsuite> <!-- Tests._20_SelectVertex -->
