<?xml version="1.0" encoding="UTF-8"?>
<!-- Generated by org.testng.reporters.JUnitReportReporter -->
<testsuite hostname="Tvl-2" name="Tests._11_DeleteEl" tests="1" failures="0" timestamp="7 Mar 2014 08:46:24 GMT" time="18.443" errors="0">
  <testcase name="_11_T_DeleteEl" time="18.443" classname="Tests._11_DeleteEl"/>
</testsuite> <!-- Tests._11_DeleteEl -->
