<?xml version="1.0" encoding="UTF-8"?>
<!-- Generated by org.testng.reporters.JUnitReportReporter -->
<testsuite hostname="Tvl-2" name="Tests._25_ClickOnVertex" tests="2" failures="0" timestamp="27 Mar 2014 13:47:23 GMT" time="20.012" errors="0">
  <testcase name="_26_T_" time="0.049" classname="Tests._25_ClickOnVertex"/>
  <testcase name="_25_T_ClickOnVertex" time="19.963" classname="Tests._25_ClickOnVertex"/>
</testsuite> <!-- Tests._25_ClickOnVertex -->
