<?xml version="1.0" encoding="UTF-8"?>
<!-- Generated by org.testng.reporters.JUnitReportReporter -->
<testsuite hostname="Tvl-2" name="Tests._03_PopUpOnLogin" tests="1" failures="0" timestamp="3 Mar 2014 13:01:10 GMT" time="15.245" errors="0">
  <testcase name="_03_T_PopUpOnLogin" time="15.245" classname="Tests._03_PopUpOnLogin"/>
</testsuite> <!-- Tests._03_PopUpOnLogin -->
