<?xml version="1.0" encoding="UTF-8"?>
<!-- Generated by org.testng.reporters.JUnitReportReporter -->
<testsuite hostname="Tvl-2" name="Tests._12_SaveTeamData" tests="1" failures="0" timestamp="27 Mar 2014 11:29:37 GMT" time="14.962" errors="0">
  <testcase name="_12_T_SaveTeamData" time="14.962" classname="Tests._12_SaveTeamData"/>
</testsuite> <!-- Tests._12_SaveTeamData -->
