<?xml version="1.0" encoding="UTF-8"?>
<!-- Generated by org.testng.reporters.JUnitReportReporter -->
<testsuite hostname="Tvl-2" name="Tests._10_ChemistryScoreButtonPopUp" tests="1" failures="0" timestamp="3 Apr 2014 15:02:23 GMT" time="15.950" errors="0">
  <testcase name="_10_T_ChemistryScoreButtonPopUp" time="15.950" classname="Tests._10_ChemistryScoreButtonPopUp"/>
</testsuite> <!-- Tests._10_ChemistryScoreButtonPopUp -->
