<?xml version="1.0" encoding="UTF-8"?>
<!-- Generated by org.testng.reporters.JUnitReportReporter -->
<testsuite hostname="Tvl-2" name="Tests._05_PopUpOnDetectMy_02" tests="1" failures="0" timestamp="3 Apr 2014 15:02:23 GMT" time="24.952" errors="0">
  <testcase name="_05_T_PopUpOnDetectMy_02" time="24.952" classname="Tests._05_PopUpOnDetectMy_02"/>
</testsuite> <!-- Tests._05_PopUpOnDetectMy_02 -->
