<?xml version="1.0" encoding="UTF-8"?>
<!-- Generated by org.testng.reporters.JUnitReportReporter -->
<testsuite hostname="Tvl-2" name="Tests._03_TakeATest" tests="1" failures="0" timestamp="25 Feb 2014 20:43:55 GMT" time="46.129" errors="0">
  <testcase name="_03_T_TakeATest" time="46.129" classname="Tests._03_TakeATest"/>
</testsuite> <!-- Tests._03_TakeATest -->
