<?xml version="1.0" encoding="UTF-8"?>
<!-- Generated by org.testng.reporters.JUnitReportReporter -->
<testsuite hostname="Tvl-2" name="Tests_pro.ProTest" tests="1" failures="0" timestamp="27 Mar 2014 13:30:49 GMT" time="43.458" errors="0">
  <testcase name="_00_T_Pro" time="43.458" classname="Tests_pro.ProTest"/>
</testsuite> <!-- Tests_pro.ProTest -->
