<?xml version="1.0" encoding="UTF-8"?>
<!-- Generated by org.testng.reporters.JUnitReportReporter -->
<testsuite hostname="Tvl-2" name="Tests._13_LockEdit" tests="1" failures="0" timestamp="27 Mar 2014 11:20:28 GMT" time="11.941" errors="0">
  <testcase name="_13_T_LockEdit" time="11.941" classname="Tests._13_LockEdit"/>
</testsuite> <!-- Tests._13_LockEdit -->
