<?xml version="1.0" encoding="UTF-8"?>
<!-- Generated by org.testng.reporters.JUnitReportReporter -->
<testsuite hostname="Tvl-2" name="Tests._15_QqDiscByMyself" tests="1" failures="0" timestamp="7 Mar 2014 08:46:24 GMT" time="2.511" errors="0">
  <testcase name="_15_T_QqDiscByMyself" time="2.511" classname="Tests._15_QqDiscByMyself"/>
</testsuite> <!-- Tests._15_QqDiscByMyself -->
