<?xml version="1.0" encoding="UTF-8"?>
<!-- Generated by org.testng.reporters.JUnitReportReporter -->
<testsuite hostname="Tvl-2" name="Tests._23_DeletePersonFromGraph" tests="1" failures="0" timestamp="27 Mar 2014 11:20:28 GMT" time="17.310" errors="0">
  <testcase name="_23_T_DeletePersonFromGraph" time="17.310" classname="Tests._23_DeletePersonFromGraph"/>
</testsuite> <!-- Tests._23_DeletePersonFromGraph -->
