<?xml version="1.0" encoding="UTF-8"?>
<!-- Generated by org.testng.reporters.JUnitReportReporter -->
<testsuite hostname="Tvl-2" name="Tests._13_LockEdit" tests="1" failures="0" timestamp="26 Mar 2014 15:09:01 GMT" time="12.496" errors="0">
  <testcase name="_13_T_LockEdit" time="12.496" classname="Tests._13_LockEdit"/>
</testsuite> <!-- Tests._13_LockEdit -->
