<?xml version="1.0" encoding="UTF-8"?>
<!-- Generated by org.testng.reporters.JUnitReportReporter -->
<testsuite hostname="Tvl-2" name="Tests_pro._05_SociotypeVerify" tests="1" failures="0" timestamp="8 Apr 2014 07:47:59 GMT" time="124.491" errors="0">
  <testcase name="_05_T_SociotypeVerify" time="124.491" classname="Tests_pro._05_SociotypeVerify"/>
</testsuite> <!-- Tests_pro._05_SociotypeVerify -->
