<?xml version="1.0" encoding="UTF-8"?>
<!-- Generated by org.testng.reporters.JUnitReportReporter -->
<testsuite hostname="Tvl-2" name="Tests._08_RoleInput" tests="1" failures="0" timestamp="7 Mar 2014 08:46:25 GMT" time="1.263" errors="0">
  <testcase name="_08_T_RoleInput" time="1.263" classname="Tests._08_RoleInput"/>
</testsuite> <!-- Tests._08_RoleInput -->
