<?xml version="1.0" encoding="UTF-8"?>
<!-- Generated by org.testng.reporters.JUnitReportReporter -->
<testsuite hostname="Tvl-2" name="Tests._17_WarningPopUpTestPage" tests="1" failures="0" timestamp="3 Apr 2014 15:02:23 GMT" time="9.823" errors="0">
  <testcase name="_17_T_WarningPopUpTestPage" time="9.823" classname="Tests._17_WarningPopUpTestPage"/>
</testsuite> <!-- Tests._17_WarningPopUpTestPage -->
