<?xml version="1.0" encoding="UTF-8"?>
<!-- Generated by org.testng.reporters.JUnitReportReporter -->
<testsuite hostname="Tvl-2" name="Tests._26_AddPersonFromGraph" tests="1" failures="0" timestamp="26 Mar 2014 15:09:01 GMT" time="16.196" errors="0">
  <testcase name="_25_T_ClickOnVertex" time="16.196" classname="Tests._26_AddPersonFromGraph"/>
</testsuite> <!-- Tests._26_AddPersonFromGraph -->
