<?xml version="1.0" encoding="UTF-8"?>
<!-- Generated by org.testng.reporters.JUnitReportReporter -->
<testsuite hostname="Tvl-2" name="Tests_pro.ProTest" tests="1" failures="0" timestamp="21 Mar 2014 14:04:12 GMT" time="28.535" errors="0">
  <testcase name="_00_T_Pro" time="28.535" classname="Tests_pro.ProTest"/>
</testsuite> <!-- Tests_pro.ProTest -->
