<?xml version="1.0" encoding="UTF-8"?>
<!-- Generated by org.testng.reporters.JUnitReportReporter -->
<testsuite hostname="Tvl-2" name="Tests._12_SaveTeamData" tests="1" failures="0" timestamp="26 Mar 2014 15:09:01 GMT" time="20.204" errors="0">
  <testcase name="_12_T_SaveTeamData" time="20.204" classname="Tests._12_SaveTeamData"/>
</testsuite> <!-- Tests._12_SaveTeamData -->
