<?xml version="1.0" encoding="UTF-8"?>
<!-- Generated by org.testng.reporters.JUnitReportReporter -->
<testsuite hostname="Tvl-2" name="Tests._06_NameRequired" tests="1" failures="0" timestamp="18 Mar 2014 13:12:27 GMT" time="1.810" errors="0">
  <testcase name="_06_T_NameRequired" time="1.810" classname="Tests._06_NameRequired"/>
</testsuite> <!-- Tests._06_NameRequired -->
