<?xml version="1.0" encoding="UTF-8"?>
<!-- Generated by org.testng.reporters.JUnitReportReporter -->
<testsuite hostname="Tvl-2" name="Tests._19_CommonElementsGraph" tests="1" failures="0" timestamp="26 Mar 2014 15:09:01 GMT" time="14.444" errors="0">
  <testcase name="_09_T_CommonElementsGraph" time="14.444" classname="Tests._19_CommonElementsGraph"/>
</testsuite> <!-- Tests._19_CommonElementsGraph -->
