<?xml version="1.0" encoding="UTF-8"?>
<!-- Generated by org.testng.reporters.JUnitReportReporter -->
<testsuite hostname="Tvl-2" name="Tests._20_SelectVertex" tests="1" failures="0" timestamp="26 Mar 2014 15:09:01 GMT" time="16.523" errors="0">
  <testcase name="_20_T_SelectVertex" time="16.523" classname="Tests._20_SelectVertex"/>
</testsuite> <!-- Tests._20_SelectVertex -->
