<?xml version="1.0" encoding="UTF-8"?>
<!-- Generated by org.testng.reporters.JUnitReportReporter -->
<testsuite hostname="Tvl-2" name="Tests._26_AddPersonFromGraph" tests="1" failures="0" timestamp="3 Apr 2014 15:02:23 GMT" time="20.234" errors="0">
  <testcase name="_26_T_AddPersonFromGraph" time="20.234" classname="Tests._26_AddPersonFromGraph"/>
</testsuite> <!-- Tests._26_AddPersonFromGraph -->
