<?xml version="1.0" encoding="UTF-8"?>
<!-- Generated by org.testng.reporters.JUnitReportReporter -->
<testsuite hostname="Tvl-2" name="Tests._25_ClickOnVertex" tests="1" failures="0" timestamp="20 Mar 2014 11:58:50 GMT" time="21.133" errors="0">
  <testcase name="_25_T_ClickOnVertex" time="21.133" classname="Tests._25_ClickOnVertex"/>
</testsuite> <!-- Tests._25_ClickOnVertex -->
