<?xml version="1.0" encoding="UTF-8"?>
<!-- Generated by org.testng.reporters.JUnitReportReporter -->
<testsuite hostname="Tvl-2" name="Tests._25_ClickOnVertex" tests="2" failures="0" timestamp="3 Apr 2014 07:55:59 GMT" time="20.090" errors="0">
  <testcase name="_26_T_" time="0.064" classname="Tests._25_ClickOnVertex"/>
  <testcase name="_25_T_ClickOnVertex" time="20.026" classname="Tests._25_ClickOnVertex"/>
</testsuite> <!-- Tests._25_ClickOnVertex -->
