<?xml version="1.0" encoding="UTF-8"?>
<!-- Generated by org.testng.reporters.JUnitReportReporter -->
<testsuite hostname="Tvl-2" name="Tests._03_PopUpOnLogin" tests="1" failures="0" timestamp="7 Mar 2014 08:46:24 GMT" time="1.137" errors="0">
  <testcase name="_03_T_PopUpOnLogin" time="1.137" classname="Tests._03_PopUpOnLogin"/>
</testsuite> <!-- Tests._03_PopUpOnLogin -->
