<?xml version="1.0" encoding="UTF-8"?>
<!-- Generated by org.testng.reporters.JUnitReportReporter -->
<testsuite hostname="Tvl-2" name="Tests._22_PopUpOnVertex" tests="1" failures="0" timestamp="3 Apr 2014 15:02:23 GMT" time="17.031" errors="0">
  <testcase name="_22_T_PopUpOnVertex" time="17.031" classname="Tests._22_PopUpOnVertex"/>
</testsuite> <!-- Tests._22_PopUpOnVertex -->
