<?xml version="1.0" encoding="UTF-8"?>
<!-- Generated by org.testng.reporters.JUnitReportReporter -->
<testsuite hostname="Tvl-2" name="Tests._08_RoleInput" tests="1" failures="0" timestamp="14 Mar 2014 15:32:13 GMT" time="1.389" errors="0">
  <testcase name="_08_T_RoleInput" time="1.389" classname="Tests._08_RoleInput"/>
</testsuite> <!-- Tests._08_RoleInput -->
