<?xml version="1.0" encoding="UTF-8"?>
<!-- Generated by org.testng.reporters.JUnitReportReporter -->
<testsuite hostname="Tvl-2" name="Tests._10_ChemistryScoreButtonPopUp" tests="1" failures="0" timestamp="18 Mar 2014 13:05:27 GMT" time="11.533" errors="0">
  <testcase name="_10_T_ChemistryScoreButtonPopUp" time="11.533" classname="Tests._10_ChemistryScoreButtonPopUp"/>
</testsuite> <!-- Tests._10_ChemistryScoreButtonPopUp -->
