<?xml version="1.0" encoding="UTF-8"?>
<!-- Generated by org.testng.reporters.JUnitReportReporter -->
<testsuite hostname="Tvl-2" name="Tests._19_CommonElementsGraph" tests="1" failures="0" timestamp="7 Mar 2014 12:50:49 GMT" time="13.106" errors="0">
  <testcase name="_04_T_CommonElementsGraph" time="13.106" classname="Tests._19_CommonElementsGraph"/>
</testsuite> <!-- Tests._19_CommonElementsGraph -->
