<?xml version="1.0" encoding="UTF-8"?>
<!-- Generated by org.testng.reporters.JUnitReportReporter -->
<testsuite hostname="Tvl-2" name="Tests._17_WarningPopUpTestPage" tests="1" failures="0" timestamp="7 Mar 2014 11:48:56 GMT" time="7.595" errors="0">
  <testcase name="_15_T_QqDiscByMyself" time="7.595" classname="Tests._17_WarningPopUpTestPage"/>
</testsuite> <!-- Tests._17_WarningPopUpTestPage -->
