<?xml version="1.0" encoding="UTF-8"?>
<!-- Generated by org.testng.reporters.JUnitReportReporter -->
<testsuite hostname="Tvl-2" name="Tests._25_ClickOnVertex" tests="2" failures="0" timestamp="3 Apr 2014 15:02:23 GMT" time="27.506" errors="0">
  <testcase name="_25_T_ClickOnVertex" time="27.453" classname="Tests._25_ClickOnVertex"/>
  <testcase name="_26_T_" time="0.053" classname="Tests._25_ClickOnVertex"/>
</testsuite> <!-- Tests._25_ClickOnVertex -->
