<?xml version="1.0" encoding="UTF-8"?>
<!-- Generated by org.testng.reporters.JUnitReportReporter -->
<testsuite hostname="Tvl-2" name="Tests._04_PopUpOnDetectMy" tests="1" failures="0" timestamp="3 Mar 2014 13:13:06 GMT" time="16.738" errors="0">
  <testcase name="_04_T_PopUpOnDetectMy" time="16.738" classname="Tests._04_PopUpOnDetectMy"/>
</testsuite> <!-- Tests._04_PopUpOnDetectMy -->
