<?xml version="1.0" encoding="UTF-8"?>
<!-- Generated by org.testng.reporters.JUnitReportReporter -->
<testsuite hostname="Tvl-2" name="Tests._08_RoleInput" tests="1" failures="0" timestamp="3 Apr 2014 07:55:59 GMT" time="1.231" errors="0">
  <testcase name="_08_T_RoleInput" time="1.231" classname="Tests._08_RoleInput"/>
</testsuite> <!-- Tests._08_RoleInput -->
