<?xml version="1.0" encoding="UTF-8"?>
<!-- Generated by org.testng.reporters.JUnitReportReporter -->
<testsuite hostname="Tvl-2" name="Tests_pro.ProTest" tests="1" failures="0" timestamp="2 Apr 2014 10:06:11 GMT" time="72.505" errors="0">
  <testcase name="_00_T_Pro" time="72.505" classname="Tests_pro.ProTest"/>
</testsuite> <!-- Tests_pro.ProTest -->
