<?xml version="1.0" encoding="UTF-8"?>
<!-- Generated by org.testng.reporters.JUnitReportReporter -->
<testsuite hostname="Tvl-2" name="Tests._01_LogIn" tests="1" failures="0" timestamp="21 Feb 2014 12:52:44 GMT" time="23.252" errors="0">
  <testcase name="_01_T_LogIn" time="23.252" classname="Tests._01_LogIn"/>
</testsuite> <!-- Tests._01_LogIn -->
