<?xml version="1.0" encoding="UTF-8"?>
<!-- Generated by org.testng.reporters.JUnitReportReporter -->
<testsuite hostname="Tvl-2" name="Tests._05_PopUpOnDetectMy_02" tests="1" failures="0" timestamp="3 Apr 2014 07:55:59 GMT" time="17.660" errors="0">
  <testcase name="_05_T_PopUpOnDetectMy_02" time="17.660" classname="Tests._05_PopUpOnDetectMy_02"/>
</testsuite> <!-- Tests._05_PopUpOnDetectMy_02 -->
