<?xml version="1.0" encoding="UTF-8"?>
<!-- Generated by org.testng.reporters.JUnitReportReporter -->
<testsuite hostname="Tvl-2" name="Tests._13_LockEdit" tests="1" failures="0" timestamp="3 Apr 2014 07:55:59 GMT" time="10.776" errors="0">
  <testcase name="_13_T_LockEdit" time="10.776" classname="Tests._13_LockEdit"/>
</testsuite> <!-- Tests._13_LockEdit -->
