<?xml version="1.0" encoding="UTF-8"?>
<!-- Generated by org.testng.reporters.JUnitReportReporter -->
<testsuite hostname="Tvl-2" name="Tests._01_FacebookAuthorisation" tests="1" failures="0" timestamp="3 Mar 2014 11:29:27 GMT" time="21.985" errors="0">
  <testcase name="_02_T_FacebookAuthorisation" time="21.985" classname="Tests._01_FacebookAuthorisation"/>
</testsuite> <!-- Tests._01_FacebookAuthorisation -->
