<?xml version="1.0" encoding="UTF-8"?>
<!-- Generated by org.testng.reporters.JUnitReportReporter -->
<testsuite hostname="Tvl-2" name="Tests_pro._05_SociotypeVerify" tests="1" failures="0" timestamp="27 Mar 2014 16:22:57 GMT" time="84.599" errors="0">
  <testcase name="_05_T_SociotypeVerify" time="84.599" classname="Tests_pro._05_SociotypeVerify"/>
</testsuite> <!-- Tests_pro._05_SociotypeVerify -->
