<?xml version="1.0" encoding="UTF-8"?>
<!-- Generated by org.testng.reporters.JUnitReportReporter -->
<testsuite hostname="Tvl-2" name="Tests._10_ChemistryScoreButtonPopUp" tests="1" failures="0" timestamp="3 Apr 2014 07:55:59 GMT" time="11.466" errors="0">
  <testcase name="_10_T_ChemistryScoreButtonPopUp" time="11.466" classname="Tests._10_ChemistryScoreButtonPopUp"/>
</testsuite> <!-- Tests._10_ChemistryScoreButtonPopUp -->
