<?xml version="1.0" encoding="UTF-8"?>
<!-- Generated by org.testng.reporters.JUnitReportReporter -->
<testsuite hostname="Tvl-2" name="Tests._02_InputFieldText" tests="1" failures="0" timestamp="26 Mar 2014 15:53:22 GMT" time="4.247" errors="0">
  <testcase name="_02_T_nputFieldText" time="4.247" classname="Tests._02_InputFieldText"/>
</testsuite> <!-- Tests._02_InputFieldText -->
