<?xml version="1.0" encoding="UTF-8"?>
<!-- Generated by org.testng.reporters.JUnitReportReporter -->
<testsuite hostname="Tvl-2" name="Tests._25_ClickOnVertex" tests="2" failures="0" timestamp="26 Mar 2014 16:04:31 GMT" time="91.642" errors="0">
  <testcase name="_25_T_ClickOnVertex" time="89.869" classname="Tests._25_ClickOnVertex"/>
  <testcase name="_26_T_" time="1.773" classname="Tests._25_ClickOnVertex"/>
</testsuite> <!-- Tests._25_ClickOnVertex -->
