<?xml version="1.0" encoding="UTF-8"?>
<!-- Generated by org.testng.reporters.JUnitReportReporter -->
<testsuite hostname="Tvl-2" name="Tests._01_FacebookAuthorisation" tests="1" failures="0" timestamp="31 Mar 2014 13:53:39 GMT" time="5.702" errors="0">
  <testcase name="_01_T_FacebookAuthorisation" time="5.702" classname="Tests._01_FacebookAuthorisation"/>
</testsuite> <!-- Tests._01_FacebookAuthorisation -->
