<?xml version="1.0" encoding="UTF-8"?>
<!-- Generated by org.testng.reporters.JUnitReportReporter -->
<testsuite hostname="Tvl-2" name="Tests._01_FacebookAuthorisation" tests="1" failures="0" timestamp="26 Mar 2014 15:42:02 GMT" time="14.807" errors="0">
  <testcase name="_01_T_FacebookAuthorisation" time="14.807" classname="Tests._01_FacebookAuthorisation"/>
</testsuite> <!-- Tests._01_FacebookAuthorisation -->
