<?xml version="1.0" encoding="UTF-8"?>
<!-- Generated by org.testng.reporters.JUnitReportReporter -->
<testsuite hostname="Tvl-2" name="Tests._02_InputFieldText" tests="1" failures="0" timestamp="27 Mar 2014 11:20:28 GMT" time="1.388" errors="0">
  <testcase name="_02_T_nputFieldText" time="1.388" classname="Tests._02_InputFieldText"/>
</testsuite> <!-- Tests._02_InputFieldText -->
