<?xml version="1.0" encoding="UTF-8"?>
<!-- Generated by org.testng.reporters.JUnitReportReporter -->
<testsuite hostname="Tvl-2" name="Tests._18_SocTypeAssert" tests="1" failures="0" timestamp="26 Mar 2014 15:09:01 GMT" time="6.875" errors="0">
  <testcase name="_18_T_SocTypeAssert" time="6.875" classname="Tests._18_SocTypeAssert"/>
</testsuite> <!-- Tests._18_SocTypeAssert -->
